This file contains any messages produced by compilers while
running configure, to aid debugging if configure makes a mistake.

It was created by pocketsphinx configure 5prealpha, which was
generated by GNU Autoconf 2.69.  Invocation command line was

  $ ./configure 

## --------- ##
## Platform. ##
## --------- ##

hostname = mushroom32
uname -m = armv7l
uname -r = 5.10.103-v7+
uname -s = Linux
uname -v = #1529 SMP Tue Mar 8 12:21:37 GMT 2022

/usr/bin/uname -p = unknown
/bin/uname -X     = unknown

/bin/arch              = armv7l
/usr/bin/arch -k       = unknown
/usr/convex/getsysinfo = unknown
/usr/bin/hostinfo      = unknown
/bin/machine           = unknown
/usr/bin/oslevel       = unknown
/bin/universe          = unknown

PATH: /usr/local/sbin
PATH: /usr/local/bin
PATH: /usr/sbin
PATH: /usr/bin
PATH: /sbin
PATH: /bin


## ----------- ##
## Core tests. ##
## ----------- ##

configure:2541: checking for a BSD-compatible install
configure:2609: result: /usr/bin/install -c
configure:2620: checking whether build environment is sane
configure:2675: result: yes
configure:2824: checking for a thread-safe mkdir -p
configure:2863: result: /usr/bin/mkdir -p
configure:2870: checking for gawk
configure:2900: result: no
configure:2870: checking for mawk
configure:2886: found /usr/bin/mawk
configure:2897: result: mawk
configure:2908: checking whether make sets $(MAKE)
configure:2930: result: yes
configure:2959: checking whether make supports nested variables
configure:2976: result: yes
configure:3059: checking build system type
configure:3073: result: armv7l-unknown-linux-gnueabihf
configure:3093: checking host system type
configure:3106: result: armv7l-unknown-linux-gnueabihf
configure:3174: checking for gcc
configure:3190: found /usr/bin/gcc
configure:3201: result: gcc
configure:3430: checking for C compiler version
configure:3439: gcc --version >&5
gcc (Raspbian 8.3.0-6+rpi1) 8.3.0
Copyright (C) 2018 Free Software Foundation, Inc.
This is free software; see the source for copying conditions.  There is NO
warranty; not even for MERCHANTABILITY or FITNESS FOR A PARTICULAR PURPOSE.

configure:3450: $? = 0
configure:3439: gcc -v >&5
Using built-in specs.
COLLECT_GCC=gcc
COLLECT_LTO_WRAPPER=/usr/lib/gcc/arm-linux-gnueabihf/8/lto-wrapper
Target: arm-linux-gnueabihf
Configured with: ../src/configure -v --with-pkgversion='Raspbian 8.3.0-6+rpi1' --with-bugurl=file:///usr/share/doc/gcc-8/README.Bugs --enable-languages=c,ada,c++,go,d,fortran,objc,obj-c++ --prefix=/usr --with-gcc-major-version-only --program-suffix=-8 --program-prefix=arm-linux-gnueabihf- --enable-shared --enable-linker-build-id --libexecdir=/usr/lib --without-included-gettext --enable-threads=posix --libdir=/usr/lib --enable-nls --enable-bootstrap --enable-clocale=gnu --enable-libstdcxx-debug --enable-libstdcxx-time=yes --with-default-libstdcxx-abi=new --enable-gnu-unique-object --disable-libitm --disable-libquadmath --disable-libquadmath-support --enable-plugin --with-system-zlib --with-target-system-zlib --enable-objc-gc=auto --enable-multiarch --disable-sjlj-exceptions --with-arch=armv6 --with-fpu=vfp --with-float=hard --disable-werror --enable-checking=release --build=arm-linux-gnueabihf --host=arm-linux-gnueabihf --target=arm-linux-gnueabihf
Thread model: posix
gcc version 8.3.0 (Raspbian 8.3.0-6+rpi1) 
configure:3450: $? = 0
configure:3439: gcc -V >&5
gcc: error: unrecognized command line option '-V'
gcc: fatal error: no input files
compilation terminated.
configure:3450: $? = 1
configure:3439: gcc -qversion >&5
gcc: error: unrecognized command line option '-qversion'; did you mean '--version'?
gcc: fatal error: no input files
compilation terminated.
configure:3450: $? = 1
configure:3470: checking whether the C compiler works
configure:3492: gcc -g -O2 -Wall   conftest.c  >&5
configure:3496: $? = 0
configure:3544: result: yes
configure:3547: checking for C compiler default output file name
configure:3549: result: a.out
configure:3555: checking for suffix of executables
configure:3562: gcc -o conftest -g -O2 -Wall   conftest.c  >&5
configure:3566: $? = 0
configure:3588: result: 
configure:3610: checking whether we are cross compiling
configure:3618: gcc -o conftest -g -O2 -Wall   conftest.c  >&5
configure:3622: $? = 0
configure:3629: ./conftest
configure:3633: $? = 0
configure:3621: result: no
configure:3626: checking for suffix of object files
configure:3648: gcc -c -g -O2 -Wall  conftest.c >&5
configure:3652: $? = 0
configure:3673: result: o
configure:3677: checking whether we are using the GNU C compiler
configure:3696: gcc -c -g -O2 -Wall  conftest.c >&5
configure:3696: $? = 0
configure:3705: result: yes
configure:3714: checking whether gcc accepts -g
configure:3734: gcc -c -g  conftest.c >&5
configure:3734: $? = 0
configure:3775: result: yes
configure:3792: checking for gcc option to accept ISO C89
configure:3855: gcc  -c -g -O2 -Wall  conftest.c >&5
configure:3855: $? = 0
configure:3868: result: none needed
configure:3899: checking for style of include used by make
configure:3927: result: GNU
configure:3953: checking dependency style of gcc
configure:4064: result: gcc3
configure:4085: checking how to run the C preprocessor
configure:4116: gcc -E  conftest.c
configure:4116: $? = 0
configure:4130: gcc -E  conftest.c
conftest.c:9:10: fatal error: ac_nonexistent.h: No such file or directory
 #include <ac_nonexistent.h>
          ^~~~~~~~~~~~~~~~~~
compilation terminated.
configure:4130: $? = 1
configure: failed program was:
| /* confdefs.h */
| #define PACKAGE_NAME "pocketsphinx"
| #define PACKAGE_TARNAME "pocketsphinx"
| #define PACKAGE_VERSION "5prealpha"
| #define PACKAGE_STRING "pocketsphinx 5prealpha"
| #define PACKAGE_BUGREPORT ""
| #define PACKAGE_URL ""
| /* end confdefs.h.  */
| #include <ac_nonexistent.h>
configure:4155: result: gcc -E
configure:4175: gcc -E  conftest.c
configure:4175: $? = 0
configure:4189: gcc -E  conftest.c
conftest.c:9:10: fatal error: ac_nonexistent.h: No such file or directory
 #include <ac_nonexistent.h>
          ^~~~~~~~~~~~~~~~~~
compilation terminated.
configure:4189: $? = 1
configure: failed program was:
| /* confdefs.h */
| #define PACKAGE_NAME "pocketsphinx"
| #define PACKAGE_TARNAME "pocketsphinx"
| #define PACKAGE_VERSION "5prealpha"
| #define PACKAGE_STRING "pocketsphinx 5prealpha"
| #define PACKAGE_BUGREPORT ""
| #define PACKAGE_URL ""
| /* end confdefs.h.  */
| #include <ac_nonexistent.h>
configure:4218: checking for grep that handles long lines and -e
configure:4276: result: /usr/bin/grep
configure:4281: checking for egrep
configure:4343: result: /usr/bin/grep -E
configure:4348: checking for ANSI C header files
configure:4368: gcc -c -g -O2 -Wall  conftest.c >&5
configure:4368: $? = 0
configure:4441: gcc -o conftest -g -O2 -Wall   conftest.c  >&5
configure:4441: $? = 0
configure:4441: ./conftest
configure:4441: $? = 0
configure:4452: result: yes
configure:4465: checking for sys/types.h
configure:4465: gcc -c -g -O2 -Wall  conftest.c >&5
configure:4465: $? = 0
configure:4465: result: yes
configure:4465: checking for sys/stat.h
configure:4465: gcc -c -g -O2 -Wall  conftest.c >&5
configure:4465: $? = 0
configure:4465: result: yes
configure:4465: checking for stdlib.h
configure:4465: gcc -c -g -O2 -Wall  conftest.c >&5
configure:4465: $? = 0
configure:4465: result: yes
configure:4465: checking for string.h
configure:4465: gcc -c -g -O2 -Wall  conftest.c >&5
configure:4465: $? = 0
configure:4465: result: yes
configure:4465: checking for memory.h
configure:4465: gcc -c -g -O2 -Wall  conftest.c >&5
configure:4465: $? = 0
configure:4465: result: yes
configure:4465: checking for strings.h
configure:4465: gcc -c -g -O2 -Wall  conftest.c >&5
configure:4465: $? = 0
configure:4465: result: yes
configure:4465: checking for inttypes.h
configure:4465: gcc -c -g -O2 -Wall  conftest.c >&5
configure:4465: $? = 0
configure:4465: result: yes
configure:4465: checking for stdint.h
configure:4465: gcc -c -g -O2 -Wall  conftest.c >&5
configure:4465: $? = 0
configure:4465: result: yes
configure:4465: checking for unistd.h
configure:4465: gcc -c -g -O2 -Wall  conftest.c >&5
configure:4465: $? = 0
configure:4465: result: yes
configure:4477: checking for long long
configure:4477: gcc -c -g -O2 -Wall  conftest.c >&5
configure:4477: $? = 0
configure:4477: gcc -c -g -O2 -Wall  conftest.c >&5
conftest.c: In function 'main':
conftest.c:55:24: error: expected expression before ')' token
 if (sizeof ((long long)))
                        ^
configure:4477: $? = 1
configure: failed program was:
| /* confdefs.h */
| #define PACKAGE_NAME "pocketsphinx"
| #define PACKAGE_TARNAME "pocketsphinx"
| #define PACKAGE_VERSION "5prealpha"
| #define PACKAGE_STRING "pocketsphinx 5prealpha"
| #define PACKAGE_BUGREPORT ""
| #define PACKAGE_URL ""
| #define STDC_HEADERS 1
| #define HAVE_SYS_TYPES_H 1
| #define HAVE_SYS_STAT_H 1
| #define HAVE_STDLIB_H 1
| #define HAVE_STRING_H 1
| #define HAVE_MEMORY_H 1
| #define HAVE_STRINGS_H 1
| #define HAVE_INTTYPES_H 1
| #define HAVE_STDINT_H 1
| #define HAVE_UNISTD_H 1
| /* end confdefs.h.  */
| #include <stdio.h>
| #ifdef HAVE_SYS_TYPES_H
| # include <sys/types.h>
| #endif
| #ifdef HAVE_SYS_STAT_H
| # include <sys/stat.h>
| #endif
| #ifdef STDC_HEADERS
| # include <stdlib.h>
| # include <stddef.h>
| #else
| # ifdef HAVE_STDLIB_H
| #  include <stdlib.h>
| # endif
| #endif
| #ifdef HAVE_STRING_H
| # if !defined STDC_HEADERS && defined HAVE_MEMORY_H
| #  include <memory.h>
| # endif
| # include <string.h>
| #endif
| #ifdef HAVE_STRINGS_H
| # include <strings.h>
| #endif
| #ifdef HAVE_INTTYPES_H
| # include <inttypes.h>
| #endif
| #ifdef HAVE_STDINT_H
| # include <stdint.h>
| #endif
| #ifdef HAVE_UNISTD_H
| # include <unistd.h>
| #endif
| int
| main ()
| {
| if (sizeof ((long long)))
| 	    return 0;
|   ;
|   return 0;
| }
configure:4477: result: yes
configure:4491: checking size of long long
configure:4496: gcc -o conftest -g -O2 -Wall   conftest.c  >&5
configure:4496: $? = 0
configure:4496: ./conftest
configure:4496: $? = 0
configure:4510: result: 8
configure:4567: checking how to print strings
configure:4594: result: printf
configure:4615: checking for a sed that does not truncate output
configure:4679: result: /usr/bin/sed
configure:4697: checking for fgrep
configure:4759: result: /usr/bin/grep -F
configure:4794: checking for ld used by gcc
configure:4861: result: /usr/bin/ld
configure:4868: checking if the linker (/usr/bin/ld) is GNU ld
configure:4883: result: yes
configure:4895: checking for BSD- or MS-compatible name lister (nm)
configure:4944: result: /usr/bin/nm -B
configure:5074: checking the name lister (/usr/bin/nm -B) interface
configure:5081: gcc -c -g -O2 -Wall  conftest.c >&5
configure:5084: /usr/bin/nm -B "conftest.o"
configure:5087: output
00000000 B some_variable
configure:5088: result: BSD nm
configure:5091: checking whether ln -s works
configure:5095: result: yes
configure:5103: checking the maximum length of command line arguments
configure:5233: result: 1572864
configure:5250: checking whether the shell understands some XSI constructs
configure:5259: result: yes
configure:5263: checking whether the shell understands "+="
configure:5267: result: yes
configure:5302: checking how to convert armv7l-unknown-linux-gnueabihf file names to armv7l-unknown-linux-gnueabihf format
configure:5342: result: func_convert_file_noop
configure:5349: checking how to convert armv7l-unknown-linux-gnueabihf file names to toolchain format
configure:5369: result: func_convert_file_noop
configure:5376: checking for /usr/bin/ld option to reload object files
configure:5383: result: -r
configure:5457: checking for objdump
configure:5473: found /usr/bin/objdump
configure:5484: result: objdump
configure:5516: checking how to recognize dependent libraries
configure:5718: result: pass_all
configure:5803: checking for dlltool
configure:5833: result: no
configure:5863: checking how to associate runtime and link libraries
configure:5890: result: printf %s\n
configure:5950: checking for ar
configure:5966: found /usr/bin/ar
configure:5977: result: ar
configure:6014: checking for archiver @FILE support
configure:6031: gcc -c -g -O2 -Wall  conftest.c >&5
configure:6031: $? = 0
configure:6034: ar cru libconftest.a @conftest.lst >&5
ar: `u' modifier ignored since `D' is the default (see `U')
configure:6037: $? = 0
configure:6042: ar cru libconftest.a @conftest.lst >&5
ar: `u' modifier ignored since `D' is the default (see `U')
ar: conftest.o: No such file or directory
configure:6045: $? = 1
configure:6044: result: @
configure:6102: checking for strip
configure:6118: found /usr/bin/strip
configure:6129: result: strip
configure:6201: checking for ranlib
configure:6217: found /usr/bin/ranlib
configure:6228: result: ranlib
configure:6330: checking command to parse /usr/bin/nm -B output from gcc object
configure:6450: gcc -c -g -O2 -Wall  conftest.c >&5
configure:6453: $? = 0
configure:6457: /usr/bin/nm -B conftest.o \| sed -n -e 's/^.*[ ]\([ABCDGIRSTW][ABCDGIRSTW]*\)[ ][ ]*\([_A-Za-z][_A-Za-z0-9]*\)$/\1 \2 \2/p' | sed '/ __gnu_lto/d' \> conftest.nm
configure:6460: $? = 0
configure:6526: gcc -o conftest -g -O2 -Wall   conftest.c conftstm.o >&5
configure:6529: $? = 0
configure:6567: result: ok
configure:6604: checking for sysroot
configure:6634: result: no
configure:6890: checking for mt
configure:6906: found /usr/bin/mt
configure:6917: result: mt
configure:6940: checking if mt is a manifest tool
configure:6946: mt '-?'
configure:6954: result: no
configure:7593: checking for dlfcn.h
configure:7593: gcc -c -g -O2 -Wall  conftest.c >&5
configure:7593: $? = 0
configure:7593: result: yes
configure:7799: checking for objdir
configure:7814: result: .libs
configure:8085: checking if gcc supports -fno-rtti -fno-exceptions
configure:8103: gcc -c -g -O2 -Wall  -fno-rtti -fno-exceptions conftest.c >&5
cc1: warning: command line option '-fno-rtti' is valid for C++/ObjC++ but not for C
configure:8107: $? = 0
configure:8120: result: no
configure:8447: checking for gcc option to produce PIC
configure:8454: result: -fPIC -DPIC
configure:8462: checking if gcc PIC flag -fPIC -DPIC works
configure:8480: gcc -c -g -O2 -Wall  -fPIC -DPIC -DPIC conftest.c >&5
configure:8484: $? = 0
configure:8497: result: yes
configure:8526: checking if gcc static flag -static works
configure:8554: result: yes
configure:8569: checking if gcc supports -c -o file.o
configure:8590: gcc -c -g -O2 -Wall  -o out/conftest2.o conftest.c >&5
configure:8594: $? = 0
configure:8616: result: yes
configure:8624: checking if gcc supports -c -o file.o
configure:8671: result: yes
configure:8704: checking whether the gcc linker (/usr/bin/ld) supports shared libraries
configure:9857: result: yes
configure:9894: checking whether -lc should be explicitly linked in
configure:9902: gcc -c -g -O2 -Wall  conftest.c >&5
configure:9905: $? = 0
configure:9920: gcc -shared  -fPIC -DPIC conftest.o  -v -Wl,-soname -Wl,conftest -o conftest 2\>\&1 \| /usr/bin/grep  -lc  \>/dev/null 2\>\&1
configure:9923: $? = 0
configure:9937: result: no
configure:10097: checking dynamic linker characteristics
configure:10608: gcc -o conftest -g -O2 -Wall   -Wl,-rpath -Wl,/foo conftest.c  >&5
configure:10608: $? = 0
configure:10834: result: GNU/Linux ld.so
configure:10941: checking how to hardcode library paths into programs
configure:10966: result: immediate
configure:11506: checking whether stripping libraries is possible
configure:11511: result: yes
configure:11546: checking if libtool supports shared libraries
configure:11548: result: yes
configure:11551: checking whether to build shared libraries
configure:11572: result: yes
configure:11575: checking whether to build static libraries
configure:11579: result: yes
configure:8625: checking for pkg-config
configure:8641: found /usr/bin/pkg-config
configure:8653: result: yes
configure:8664: checking for doxygen
configure:8692: result: no
configure:8752: checking for a Python interpreter with version >= 2.6
configure:8769: python -c import sys # split strings by '.' and convert to numeric. Append some zeros # because we need at least 4 digits for the hex conversion. # map returns an iterator in Python 3.0 and a list in 2.x minver = list(map(int, '2.6'.split('.'))) + [0, 0, 0] minverhex = 0 # xrange is not present in Python 3.0 and range returns an iterator for i in list(range(0, 4)): minverhex = (minverhex << 8) + minver[i] sys.exit(sys.hexversion < minverhex)
configure:8772: $? = 0
configure:8778: result: python
configure:8786: checking for python
configure:8804: found /usr/bin/python
configure:8816: result: /usr/bin/python
configure:8834: checking for python version
configure:8841: result: 2.7
configure:8853: checking for python platform
configure:8860: result: linux2
configure:8886: checking for python script directory
configure:8921: result: ${prefix}/lib/python2.7/dist-packages
configure:8930: checking for python extension module directory
configure:8965: result: ${exec_prefix}/lib/python2.7/dist-packages
configure:8986: checking for python2.7
configure:9016: result: /usr/bin/python
configure:9032: checking for a version of Python >= '2.1.0'
configure:9058: result: yes
configure:9089: checking for the distutils Python package
configure:9093: result: yes
configure:9107: checking for Python include path
configure:9123: result: -I/usr/include/python2.7
configure:9130: checking for Python library path
configure:9207: result: -L/usr/lib -lpython2.7
configure:9214: checking for Python site-packages path
configure:9220: result: /usr/lib/python2.7/dist-packages
configure:9227: checking python extra libraries
configure:9234: result: -lpthread -ldl  -lutil -lm
configure:9241: checking python extra linking flags
configure:9248: result: -Xlinker -export-dynamic -Wl,-O1 -Wl,-Bsymbolic-functions
configure:9255: checking consistency of all components of python development environment
configure:9281: gcc -o conftest -g -O2 -Wall  -I/usr/include/python2.7  conftest.c  -L/usr/lib -lpython2.7 -Xlinker -export-dynamic -Wl,-O1 -Wl,-Bsymbolic-functions -lpthread -ldl  -lutil -lm >&5
configure:9281: $? = 0
configure:9298: result: yes
configure:9329: checking for swig
configure:9347: found /usr/bin/swig
configure:9359: result: /usr/bin/swig
configure:9373: checking SWIG version
configure:9376: result: 3.0.12
configure:9425: checking for SWIG library
configure:9428: result: /usr/share/swig3.0
configure:9504: checking for pkg-config
configure:9522: found /usr/bin/pkg-config
configure:9534: result: /usr/bin/pkg-config
configure:9559: checking pkg-config is at least version 0.9.0
configure:9562: result: yes
configure:9573: checking for GStreamer
configure:9583: $PKG_CONFIG --exists --print-errors "gstreamer-$GST_MAJORMINOR >= 1.0
		       gstreamer-base-$GST_MAJORMINOR >= 1.0
		       gstreamer-plugins-base-$GST_MAJORMINOR >= 1.0"
Package gstreamer-1.0 was not found in the pkg-config search path.
Perhaps you should add the directory containing `gstreamer-1.0.pc'
to the PKG_CONFIG_PATH environment variable
No package 'gstreamer-1.0' found
Package gstreamer-base-1.0 was not found in the pkg-config search path.
Perhaps you should add the directory containing `gstreamer-base-1.0.pc'
to the PKG_CONFIG_PATH environment variable
No package 'gstreamer-base-1.0' found
Package gstreamer-plugins-base-1.0 was not found in the pkg-config search path.
Perhaps you should add the directory containing `gstreamer-plugins-base-1.0.pc'
to the PKG_CONFIG_PATH environment variable
No package 'gstreamer-plugins-base-1.0' found
configure:9588: $? = 1
configure:9607: $PKG_CONFIG --exists --print-errors "gstreamer-$GST_MAJORMINOR >= 1.0
		       gstreamer-base-$GST_MAJORMINOR >= 1.0
		       gstreamer-plugins-base-$GST_MAJORMINOR >= 1.0"
Package gstreamer-1.0 was not found in the pkg-config search path.
Perhaps you should add the directory containing `gstreamer-1.0.pc'
to the PKG_CONFIG_PATH environment variable
No package 'gstreamer-1.0' found
Package gstreamer-base-1.0 was not found in the pkg-config search path.
Perhaps you should add the directory containing `gstreamer-base-1.0.pc'
to the PKG_CONFIG_PATH environment variable
No package 'gstreamer-base-1.0' found
Package gstreamer-plugins-base-1.0 was not found in the pkg-config search path.
Perhaps you should add the directory containing `gstreamer-plugins-base-1.0.pc'
to the PKG_CONFIG_PATH environment variable
No package 'gstreamer-plugins-base-1.0' found
configure:9612: $? = 1
No package 'gstreamer-1.0' found
No package 'gstreamer-base-1.0' found
No package 'gstreamer-plugins-base-1.0' found
configure:9646: result: no
configure:9706: checking for sphinxbase in /home/pi/Adeept_PiCar-B/pocketsphinx-5prealpha/../sphinxbase
configure:9714: result: no
configure:9706: checking for sphinxbase in /home/pi/Adeept_PiCar-B/pocketsphinx-5prealpha/../sphinxbase-5prealpha
configure:9714: result: no
configure:9706: checking for sphinxbase in /home/pi/Adeept_PiCar-B/pocketsphinx-5prealpha/../sphinxbase.tar.gz
configure:9714: result: no
configure:9730: checking for SPHINXBASE
configure:9738: $PKG_CONFIG --exists --print-errors "sphinxbase"
Package sphinxbase was not found in the pkg-config search path.
Perhaps you should add the directory containing `sphinxbase.pc'
to the PKG_CONFIG_PATH environment variable
No package 'sphinxbase' found
configure:9741: $? = 1
configure:9756: $PKG_CONFIG --exists --print-errors "sphinxbase"
Package sphinxbase was not found in the pkg-config search path.
Perhaps you should add the directory containing `sphinxbase.pc'
to the PKG_CONFIG_PATH environment variable
No package 'sphinxbase' found
configure:9759: $? = 1
No package 'sphinxbase' found
configure:9787: result: no
configure:9790: error: in `/home/pi/Adeept_PiCar-B/pocketsphinx-5prealpha':
configure:9792: error: SphinxBase was not found on your system.
Make sure that you have installed it and that the
PKG_CONFIG_PATH environment variable is set correctly, if
it was installed in a non-standard prefix.
See `config.log' for more details

## ---------------- ##
## Cache variables. ##
## ---------------- ##

ac_cv_build=armv7l-unknown-linux-gnueabihf
ac_cv_c_compiler_gnu=yes
ac_cv_env_CC_set=
ac_cv_env_CC_value=
ac_cv_env_CFLAGS_set=
ac_cv_env_CFLAGS_value=
ac_cv_env_CPPFLAGS_set=
ac_cv_env_CPPFLAGS_value=
ac_cv_env_CPP_set=
ac_cv_env_CPP_value=
ac_cv_env_GStreamer_CFLAGS_set=
ac_cv_env_GStreamer_CFLAGS_value=
ac_cv_env_GStreamer_LIBS_set=
ac_cv_env_GStreamer_LIBS_value=
ac_cv_env_LDFLAGS_set=
ac_cv_env_LDFLAGS_value=
ac_cv_env_LIBS_set=
ac_cv_env_LIBS_value=
ac_cv_env_PKG_CONFIG_set=
ac_cv_env_PKG_CONFIG_value=
ac_cv_env_PYTHON_VERSION_set=
ac_cv_env_PYTHON_VERSION_value=
ac_cv_env_PYTHON_set=
ac_cv_env_PYTHON_value=
ac_cv_env_SPHINXBASE_CFLAGS_set=
ac_cv_env_SPHINXBASE_CFLAGS_value=
ac_cv_env_SPHINXBASE_LIBS_set=
ac_cv_env_SPHINXBASE_LIBS_value=
ac_cv_env_build_alias_set=
ac_cv_env_build_alias_value=
ac_cv_env_host_alias_set=
ac_cv_env_host_alias_value=
ac_cv_env_target_alias_set=
ac_cv_env_target_alias_value=
ac_cv_header_dlfcn_h=yes
ac_cv_header_inttypes_h=yes
ac_cv_header_memory_h=yes
ac_cv_header_stdc=yes
ac_cv_header_stdint_h=yes
ac_cv_header_stdlib_h=yes
ac_cv_header_string_h=yes
ac_cv_header_strings_h=yes
ac_cv_header_sys_stat_h=yes
ac_cv_header_sys_types_h=yes
ac_cv_header_unistd_h=yes
ac_cv_host=armv7l-unknown-linux-gnueabihf
ac_cv_objext=o
ac_cv_path_EGREP='/usr/bin/grep -E'
ac_cv_path_FGREP='/usr/bin/grep -F'
ac_cv_path_GREP=/usr/bin/grep
ac_cv_path_PYTHON=/usr/bin/python
ac_cv_path_SED=/usr/bin/sed
ac_cv_path_SWIG=/usr/bin/swig
ac_cv_path_ac_pt_PKG_CONFIG=/usr/bin/pkg-config
ac_cv_path_install='/usr/bin/install -c'
ac_cv_path_mkdir=/usr/bin/mkdir
ac_cv_prog_AWK=mawk
ac_cv_prog_CPP='gcc -E'
ac_cv_prog_HAVE_DOXYGEN=no
ac_cv_prog_HAVE_PKGCONFIG=yes
ac_cv_prog_ac_ct_AR=ar
ac_cv_prog_ac_ct_CC=gcc
ac_cv_prog_ac_ct_MANIFEST_TOOL=mt
ac_cv_prog_ac_ct_OBJDUMP=objdump
ac_cv_prog_ac_ct_RANLIB=ranlib
ac_cv_prog_ac_ct_STRIP=strip
ac_cv_prog_cc_c89=
ac_cv_prog_cc_g=yes
ac_cv_prog_make_make_set=yes
ac_cv_sizeof_long_long=8
ac_cv_type_long_long=yes
am_cv_CC_dependencies_compiler_type=gcc3
am_cv_make_support_nested_variables=yes
am_cv_pathless_PYTHON=python
am_cv_python_platform=linux2
am_cv_python_pyexecdir='${exec_prefix}/lib/python2.7/dist-packages'
am_cv_python_pythondir='${prefix}/lib/python2.7/dist-packages'
am_cv_python_version=2.7
lt_cv_ar_at_file=@
lt_cv_archive_cmds_need_lc=no
lt_cv_deplibs_check_method=pass_all
lt_cv_file_magic_cmd='$MAGIC_CMD'
lt_cv_file_magic_test_file=
lt_cv_ld_reload_flag=-r
lt_cv_nm_interface='BSD nm'
lt_cv_objdir=.libs
lt_cv_path_LD=/usr/bin/ld
lt_cv_path_NM='/usr/bin/nm -B'
lt_cv_path_mainfest_tool=no
lt_cv_prog_compiler_c_o=yes
lt_cv_prog_compiler_pic='-fPIC -DPIC'
lt_cv_prog_compiler_pic_works=yes
lt_cv_prog_compiler_rtti_exceptions=no
lt_cv_prog_compiler_static_works=yes
lt_cv_prog_gnu_ld=yes
lt_cv_sharedlib_from_linklib_cmd='printf %s\n'
lt_cv_shlibpath_overrides_runpath=yes
lt_cv_sys_global_symbol_pipe='sed -n -e '\''s/^.*[	 ]\([ABCDGIRSTW][ABCDGIRSTW]*\)[	 ][	 ]*\([_A-Za-z][_A-Za-z0-9]*\)$/\1 \2 \2/p'\'' | sed '\''/ __gnu_lto/d'\'''
lt_cv_sys_global_symbol_to_c_name_address='sed -n -e '\''s/^: \([^ ]*\)[ ]*$/  {\"\1\", (void *) 0},/p'\'' -e '\''s/^[ABCDGIRSTW]* \([^ ]*\) \([^ ]*\)$/  {"\2", (void *) \&\2},/p'\'''
lt_cv_sys_global_symbol_to_c_name_address_lib_prefix='sed -n -e '\''s/^: \([^ ]*\)[ ]*$/  {\"\1\", (void *) 0},/p'\'' -e '\''s/^[ABCDGIRSTW]* \([^ ]*\) \(lib[^ ]*\)$/  {"\2", (void *) \&\2},/p'\'' -e '\''s/^[ABCDGIRSTW]* \([^ ]*\) \([^ ]*\)$/  {"lib\2", (void *) \&\2},/p'\'''
lt_cv_sys_global_symbol_to_cdecl='sed -n -e '\''s/^T .* \(.*\)$/extern int \1();/p'\'' -e '\''s/^[ABCDGIRSTW]* .* \(.*\)$/extern char \1;/p'\'''
lt_cv_sys_max_cmd_len=1572864
lt_cv_to_host_file_cmd=func_convert_file_noop
lt_cv_to_tool_file_cmd=func_convert_file_noop

## ----------------- ##
## Output variables. ##
## ----------------- ##

ACLOCAL='${SHELL} /home/pi/Adeept_PiCar-B/pocketsphinx-5prealpha/missing aclocal-1.13'
AMDEPBACKSLASH='\'
AMDEP_FALSE='#'
AMDEP_TRUE=''
AMTAR='$${TAR-tar}'
AM_BACKSLASH='\'
AM_DEFAULT_V='$(AM_DEFAULT_VERBOSITY)'
AM_DEFAULT_VERBOSITY='1'
AM_V='$(V)'
AR='ar'
AUTOCONF='${SHELL} /home/pi/Adeept_PiCar-B/pocketsphinx-5prealpha/missing autoconf'
AUTOHEADER='${SHELL} /home/pi/Adeept_PiCar-B/pocketsphinx-5prealpha/missing autoheader'
AUTOMAKE='${SHELL} /home/pi/Adeept_PiCar-B/pocketsphinx-5prealpha/missing automake-1.13'
AWK='mawk'
BUILD_DOXYGEN_FALSE=''
BUILD_DOXYGEN_TRUE='#'
BUILD_GST_FALSE=''
BUILD_GST_TRUE='#'
BUILD_SWIG_FALSE='#'
BUILD_SWIG_TRUE=''
CC='gcc'
CCDEPMODE='depmode=gcc3'
CFLAGS='-g -O2 -Wall'
CPP='gcc -E'
CPPFLAGS=''
CYGPATH_W='echo'
DEFS=''
DEPDIR='.deps'
DLLTOOL='false'
DSYMUTIL=''
DUMPBIN=''
ECHO_C=''
ECHO_N='-n'
ECHO_T=''
EGREP='/usr/bin/grep -E'
EXEEXT=''
FGREP='/usr/bin/grep -F'
GREP='/usr/bin/grep'
GST_CFLAGS=' '
GST_LIBS=''
GST_MAJORMINOR='1.0'
GST_PLUGIN_LDFLAGS='-module -avoid-version -export-symbols-regex _*\(gst_\|Gst\|GST_\).*'
GStreamer_CFLAGS=''
GStreamer_LIBS=''
HAVE_DOXYGEN='no'
HAVE_PKGCONFIG='yes'
INSTALL_DATA='${INSTALL} -m 644'
INSTALL_PROGRAM='${INSTALL}'
INSTALL_SCRIPT='${INSTALL}'
INSTALL_STRIP_PROGRAM='$(install_sh) -c -s'
LD='/usr/bin/ld'
LDFLAGS=''
LIBOBJS=''
LIBS=''
LIBTOOL='$(SHELL) $(top_builddir)/libtool'
LIPO=''
LN_S='ln -s'
LTLIBOBJS=''
MAKEINFO='${SHELL} /home/pi/Adeept_PiCar-B/pocketsphinx-5prealpha/missing makeinfo'
MANIFEST_TOOL=':'
MKDIR_P='/usr/bin/mkdir -p'
NM='/usr/bin/nm -B'
NMEDIT=''
OBJDUMP='objdump'
OBJEXT='o'
OTOOL64=''
OTOOL=''
PACKAGE='pocketsphinx'
PACKAGE_BUGREPORT=''
PACKAGE_NAME='pocketsphinx'
PACKAGE_STRING='pocketsphinx 5prealpha'
PACKAGE_TARNAME='pocketsphinx'
PACKAGE_URL=''
PACKAGE_VERSION='5prealpha'
PATH_SEPARATOR=':'
PKG_CONFIG='/usr/bin/pkg-config'
PYTHON='/usr/bin/python'
PYTHON_CPPFLAGS='-I/usr/include/python2.7'
PYTHON_EXEC_PREFIX='${exec_prefix}'
PYTHON_EXTRA_LDFLAGS='-Xlinker -export-dynamic -Wl,-O1 -Wl,-Bsymbolic-functions'
PYTHON_EXTRA_LIBS='-lpthread -ldl  -lutil -lm'
PYTHON_LDFLAGS='-L/usr/lib -lpython2.7'
PYTHON_PLATFORM='linux2'
PYTHON_PREFIX='${prefix}'
PYTHON_SITE_PKG='/usr/lib/python2.7/dist-packages'
PYTHON_VERSION='2.7'
RANLIB='ranlib'
SED='/usr/bin/sed'
SET_MAKE=''
SHELL='/bin/bash'
SPHINXBASE_CFLAGS=''
SPHINXBASE_LIBS=''
SPHINXBASE_SWIG=''
STRIP='strip'
SWIG='/usr/bin/swig'
SWIG_LIB='/usr/share/swig3.0'
VERSION='5prealpha'
ac_ct_AR='ar'
ac_ct_CC='gcc'
ac_ct_DUMPBIN=''
am__EXEEXT_FALSE=''
am__EXEEXT_TRUE=''
am__fastdepCC_FALSE='#'
am__fastdepCC_TRUE=''
am__include='include'
am__isrc=''
am__leading_dot='.'
am__nodep='_no'
am__quote=''
am__tar='$${TAR-tar} chof - "$$tardir"'
am__untar='$${TAR-tar} xf -'
bindir='${exec_prefix}/bin'
build='armv7l-unknown-linux-gnueabihf'
build_alias=''
build_cpu='armv7l'
build_os='linux-gnueabihf'
build_vendor='unknown'
datadir='${datarootdir}'
datarootdir='${prefix}/share'
docdir='${datarootdir}/doc/${PACKAGE_TARNAME}'
dvidir='${docdir}'
exec_prefix='NONE'
host='armv7l-unknown-linux-gnueabihf'
host_alias=''
host_cpu='armv7l'
host_os='linux-gnueabihf'
host_vendor='unknown'
htmldir='${docdir}'
includedir='${prefix}/include'
infodir='${datarootdir}/info'
install_sh='${SHELL} /home/pi/Adeept_PiCar-B/pocketsphinx-5prealpha/install-sh'
libdir='${exec_prefix}/lib'
libexecdir='${exec_prefix}/libexec'
localedir='${datarootdir}/locale'
localstatedir='${prefix}/var'
mandir='${datarootdir}/man'
mkdir_p='$(MKDIR_P)'
oldincludedir='/usr/include'
pdfdir='${docdir}'
pkgpyexecdir='${pyexecdir}/pocketsphinx'
pkgpythondir='${pythondir}/pocketsphinx'
plugindir='$(libdir)/gstreamer-1.0'
prefix='NONE'
program_transform_name='s,x,x,'
psdir='${docdir}'
pyexecdir='${exec_prefix}/lib/python2.7/dist-packages'
pythondir='${prefix}/lib/python2.7/dist-packages'
sbindir='${exec_prefix}/sbin'
sharedstatedir='${prefix}/com'
sysconfdir='${prefix}/etc'
target_alias=''

## ----------- ##
## confdefs.h. ##
## ----------- ##

/* confdefs.h */
#define PACKAGE_NAME "pocketsphinx"
#define PACKAGE_TARNAME "pocketsphinx"
#define PACKAGE_VERSION "5prealpha"
#define PACKAGE_STRING "pocketsphinx 5prealpha"
#define PACKAGE_BUGREPORT ""
#define PACKAGE_URL ""
#define STDC_HEADERS 1
#define HAVE_SYS_TYPES_H 1
#define HAVE_SYS_STAT_H 1
#define HAVE_STDLIB_H 1
#define HAVE_STRING_H 1
#define HAVE_MEMORY_H 1
#define HAVE_STRINGS_H 1
#define HAVE_INTTYPES_H 1
#define HAVE_STDINT_H 1
#define HAVE_UNISTD_H 1
#define HAVE_LONG_LONG 1
#define SIZEOF_LONG_LONG 8
#define HAVE_DLFCN_H 1
#define LT_OBJDIR ".libs/"
#define HAVE_PYTHON "2.7"

configure: exit 1
