This file contains any messages produced by compilers while
running configure, to aid debugging if configure makes a mistake.

It was created by sphinxbase configure 5prealpha, which was
generated by GNU Autoconf 2.69.  Invocation command line was

  $ ./configure -enable-fixed

## --------- ##
## Platform. ##
## --------- ##

hostname = mushroom32
uname -m = armv7l
uname -r = 5.10.103-v7+
uname -s = Linux
uname -v = #1529 SMP Tue Mar 8 12:21:37 GMT 2022

/usr/bin/uname -p = unknown
/bin/uname -X     = unknown

/bin/arch              = armv7l
/usr/bin/arch -k       = unknown
/usr/convex/getsysinfo = unknown
/usr/bin/hostinfo      = unknown
/bin/machine           = unknown
/usr/bin/oslevel       = unknown
/bin/universe          = unknown

PATH: /usr/local/sbin
PATH: /usr/local/bin
PATH: /usr/sbin
PATH: /usr/bin
PATH: /sbin
PATH: /bin


## ----------- ##
## Core tests. ##
## ----------- ##

configure:2532: checking for a BSD-compatible install
configure:2600: result: /usr/bin/install -c
configure:2611: checking whether build environment is sane
configure:2666: result: yes
configure:2815: checking for a thread-safe mkdir -p
configure:2854: result: /usr/bin/mkdir -p
configure:2861: checking for gawk
configure:2891: result: no
configure:2861: checking for mawk
configure:2877: found /usr/bin/mawk
configure:2888: result: mawk
configure:2899: checking whether make sets $(MAKE)
configure:2921: result: yes
configure:2950: checking whether make supports nested variables
configure:2967: result: yes
configure:3050: checking build system type
configure:3064: result: armv7l-unknown-linux-gnueabihf
configure:3084: checking host system type
configure:3097: result: armv7l-unknown-linux-gnueabihf
configure:3129: checking for style of include used by make
configure:3157: result: GNU
configure:3228: checking for gcc
configure:3244: found /usr/bin/gcc
configure:3255: result: gcc
configure:3484: checking for C compiler version
configure:3493: gcc --version >&5
gcc (Raspbian 8.3.0-6+rpi1) 8.3.0
Copyright (C) 2018 Free Software Foundation, Inc.
This is free software; see the source for copying conditions.  There is NO
warranty; not even for MERCHANTABILITY or FITNESS FOR A PARTICULAR PURPOSE.

configure:3504: $? = 0
configure:3493: gcc -v >&5
Using built-in specs.
COLLECT_GCC=gcc
COLLECT_LTO_WRAPPER=/usr/lib/gcc/arm-linux-gnueabihf/8/lto-wrapper
Target: arm-linux-gnueabihf
Configured with: ../src/configure -v --with-pkgversion='Raspbian 8.3.0-6+rpi1' --with-bugurl=file:///usr/share/doc/gcc-8/README.Bugs --enable-languages=c,ada,c++,go,d,fortran,objc,obj-c++ --prefix=/usr --with-gcc-major-version-only --program-suffix=-8 --program-prefix=arm-linux-gnueabihf- --enable-shared --enable-linker-build-id --libexecdir=/usr/lib --without-included-gettext --enable-threads=posix --libdir=/usr/lib --enable-nls --enable-bootstrap --enable-clocale=gnu --enable-libstdcxx-debug --enable-libstdcxx-time=yes --with-default-libstdcxx-abi=new --enable-gnu-unique-object --disable-libitm --disable-libquadmath --disable-libquadmath-support --enable-plugin --with-system-zlib --with-target-system-zlib --enable-objc-gc=auto --enable-multiarch --disable-sjlj-exceptions --with-arch=armv6 --with-fpu=vfp --with-float=hard --disable-werror --enable-checking=release --build=arm-linux-gnueabihf --host=arm-linux-gnueabihf --target=arm-linux-gnueabihf
Thread model: posix
gcc version 8.3.0 (Raspbian 8.3.0-6+rpi1) 
configure:3504: $? = 0
configure:3493: gcc -V >&5
gcc: error: unrecognized command line option '-V'
gcc: fatal error: no input files
compilation terminated.
configure:3504: $? = 1
configure:3493: gcc -qversion >&5
gcc: error: unrecognized command line option '-qversion'; did you mean '--version'?
gcc: fatal error: no input files
compilation terminated.
configure:3504: $? = 1
configure:3524: checking whether the C compiler works
configure:3546: gcc -g -O2 -Wall   conftest.c  >&5
configure:3550: $? = 0
configure:3598: result: yes
configure:3601: checking for C compiler default output file name
configure:3603: result: a.out
configure:3609: checking for suffix of executables
configure:3616: gcc -o conftest -g -O2 -Wall   conftest.c  >&5
configure:3620: $? = 0
configure:3642: result: 
configure:3664: checking whether we are cross compiling
configure:3672: gcc -o conftest -g -O2 -Wall   conftest.c  >&5
configure:3676: $? = 0
configure:3683: ./conftest
configure:3687: $? = 0
configure:3675: result: no
configure:3680: checking for suffix of object files
configure:3702: gcc -c -g -O2 -Wall  conftest.c >&5
configure:3706: $? = 0
configure:3727: result: o
configure:3731: checking whether we are using the GNU C compiler
configure:3750: gcc -c -g -O2 -Wall  conftest.c >&5
configure:3750: $? = 0
configure:3759: result: yes
configure:3768: checking whether gcc accepts -g
configure:3788: gcc -c -g  conftest.c >&5
configure:3788: $? = 0
configure:3829: result: yes
configure:3846: checking for gcc option to accept ISO C89
configure:3909: gcc  -c -g -O2 -Wall  conftest.c >&5
configure:3909: $? = 0
configure:3922: result: none needed
configure:3944: checking dependency style of gcc
configure:4055: result: gcc3
configure:4071: checking for library containing strerror
configure:4102: gcc -o conftest -g -O2 -Wall   conftest.c  >&5
configure:4102: $? = 0
configure:4119: result: none required
configure:4175: checking for gcc
configure:4202: result: gcc
configure:4431: checking for C compiler version
configure:4440: gcc --version >&5
gcc (Raspbian 8.3.0-6+rpi1) 8.3.0
Copyright (C) 2018 Free Software Foundation, Inc.
This is free software; see the source for copying conditions.  There is NO
warranty; not even for MERCHANTABILITY or FITNESS FOR A PARTICULAR PURPOSE.

configure:4451: $? = 0
configure:4440: gcc -v >&5
Using built-in specs.
COLLECT_GCC=gcc
COLLECT_LTO_WRAPPER=/usr/lib/gcc/arm-linux-gnueabihf/8/lto-wrapper
Target: arm-linux-gnueabihf
Configured with: ../src/configure -v --with-pkgversion='Raspbian 8.3.0-6+rpi1' --with-bugurl=file:///usr/share/doc/gcc-8/README.Bugs --enable-languages=c,ada,c++,go,d,fortran,objc,obj-c++ --prefix=/usr --with-gcc-major-version-only --program-suffix=-8 --program-prefix=arm-linux-gnueabihf- --enable-shared --enable-linker-build-id --libexecdir=/usr/lib --without-included-gettext --enable-threads=posix --libdir=/usr/lib --enable-nls --enable-bootstrap --enable-clocale=gnu --enable-libstdcxx-debug --enable-libstdcxx-time=yes --with-default-libstdcxx-abi=new --enable-gnu-unique-object --disable-libitm --disable-libquadmath --disable-libquadmath-support --enable-plugin --with-system-zlib --with-target-system-zlib --enable-objc-gc=auto --enable-multiarch --disable-sjlj-exceptions --with-arch=armv6 --with-fpu=vfp --with-float=hard --disable-werror --enable-checking=release --build=arm-linux-gnueabihf --host=arm-linux-gnueabihf --target=arm-linux-gnueabihf
Thread model: posix
gcc version 8.3.0 (Raspbian 8.3.0-6+rpi1) 
configure:4451: $? = 0
configure:4440: gcc -V >&5
gcc: error: unrecognized command line option '-V'
gcc: fatal error: no input files
compilation terminated.
configure:4451: $? = 1
configure:4440: gcc -qversion >&5
gcc: error: unrecognized command line option '-qversion'; did you mean '--version'?
gcc: fatal error: no input files
compilation terminated.
configure:4451: $? = 1
configure:4455: checking whether we are using the GNU C compiler
configure:4483: result: yes
configure:4492: checking whether gcc accepts -g
configure:4553: result: yes
configure:4570: checking for gcc option to accept ISO C89
configure:4646: result: none needed
configure:4668: checking dependency style of gcc
configure:4779: result: gcc3
configure:4798: checking for gcc option to accept ISO C99
configure:4947: gcc  -c -g -O2 -Wall  conftest.c >&5
conftest.c: In function 'test_varargs':
conftest.c:80:9: warning: variable 'fnumber' set but not used [-Wunused-but-set-variable]
   float fnumber;
         ^~~~~~~
conftest.c:79:7: warning: variable 'number' set but not used [-Wunused-but-set-variable]
   int number;
       ^~~~~~
conftest.c:78:15: warning: variable 'str' set but not used [-Wunused-but-set-variable]
   const char *str;
               ^~~
configure:4947: $? = 0
configure:4960: result: none needed
configure:5068: checking for gcc option to accept ISO Standard C
configure:5079: result: none needed
configure:5133: checking how to print strings
configure:5160: result: printf
configure:5181: checking for a sed that does not truncate output
configure:5245: result: /usr/bin/sed
configure:5263: checking for grep that handles long lines and -e
configure:5321: result: /usr/bin/grep
configure:5326: checking for egrep
configure:5388: result: /usr/bin/grep -E
configure:5393: checking for fgrep
configure:5455: result: /usr/bin/grep -F
configure:5490: checking for ld used by gcc
configure:5557: result: /usr/bin/ld
configure:5564: checking if the linker (/usr/bin/ld) is GNU ld
configure:5579: result: yes
configure:5591: checking for BSD- or MS-compatible name lister (nm)
configure:5640: result: /usr/bin/nm -B
configure:5770: checking the name lister (/usr/bin/nm -B) interface
configure:5777: gcc -c -g -O2 -Wall  conftest.c >&5
configure:5780: /usr/bin/nm -B "conftest.o"
configure:5783: output
00000000 B some_variable
configure:5784: result: BSD nm
configure:5787: checking whether ln -s works
configure:5791: result: yes
configure:5799: checking the maximum length of command line arguments
configure:5929: result: 1572864
configure:5946: checking whether the shell understands some XSI constructs
configure:5955: result: yes
configure:5959: checking whether the shell understands "+="
configure:5963: result: yes
configure:5998: checking how to convert armv7l-unknown-linux-gnueabihf file names to armv7l-unknown-linux-gnueabihf format
configure:6038: result: func_convert_file_noop
configure:6045: checking how to convert armv7l-unknown-linux-gnueabihf file names to toolchain format
configure:6065: result: func_convert_file_noop
configure:6072: checking for /usr/bin/ld option to reload object files
configure:6079: result: -r
configure:6153: checking for objdump
configure:6169: found /usr/bin/objdump
configure:6180: result: objdump
configure:6212: checking how to recognize dependent libraries
configure:6414: result: pass_all
configure:6499: checking for dlltool
configure:6529: result: no
configure:6559: checking how to associate runtime and link libraries
configure:6586: result: printf %s\n
configure:6646: checking for ar
configure:6662: found /usr/bin/ar
configure:6673: result: ar
configure:6710: checking for archiver @FILE support
configure:6727: gcc -c -g -O2 -Wall  conftest.c >&5
configure:6727: $? = 0
configure:6730: ar cru libconftest.a @conftest.lst >&5
ar: `u' modifier ignored since `D' is the default (see `U')
configure:6733: $? = 0
configure:6738: ar cru libconftest.a @conftest.lst >&5
ar: `u' modifier ignored since `D' is the default (see `U')
ar: conftest.o: No such file or directory
configure:6741: $? = 1
configure:6740: result: @
configure:6798: checking for strip
configure:6814: found /usr/bin/strip
configure:6825: result: strip
configure:6897: checking for ranlib
configure:6913: found /usr/bin/ranlib
configure:6924: result: ranlib
configure:7026: checking command to parse /usr/bin/nm -B output from gcc object
configure:7146: gcc -c -g -O2 -Wall  conftest.c >&5
configure:7149: $? = 0
configure:7153: /usr/bin/nm -B conftest.o \| sed -n -e 's/^.*[ ]\([ABCDGIRSTW][ABCDGIRSTW]*\)[ ][ ]*\([_A-Za-z][_A-Za-z0-9]*\)$/\1 \2 \2/p' | sed '/ __gnu_lto/d' \> conftest.nm
configure:7156: $? = 0
configure:7222: gcc -o conftest -g -O2 -Wall   conftest.c conftstm.o >&5
configure:7225: $? = 0
configure:7263: result: ok
configure:7300: checking for sysroot
configure:7330: result: no
configure:7586: checking for mt
configure:7602: found /usr/bin/mt
configure:7613: result: mt
configure:7636: checking if mt is a manifest tool
configure:7642: mt '-?'
configure:7650: result: no
configure:8292: checking how to run the C preprocessor
configure:8323: gcc -E  conftest.c
configure:8323: $? = 0
configure:8337: gcc -E  conftest.c
conftest.c:9:10: fatal error: ac_nonexistent.h: No such file or directory
 #include <ac_nonexistent.h>
          ^~~~~~~~~~~~~~~~~~
compilation terminated.
configure:8337: $? = 1
configure: failed program was:
| /* confdefs.h */
| #define PACKAGE_NAME "sphinxbase"
| #define PACKAGE_TARNAME "sphinxbase"
| #define PACKAGE_VERSION "5prealpha"
| #define PACKAGE_STRING "sphinxbase 5prealpha"
| #define PACKAGE_BUGREPORT ""
| #define PACKAGE_URL ""
| /* end confdefs.h.  */
| #include <ac_nonexistent.h>
configure:8362: result: gcc -E
configure:8382: gcc -E  conftest.c
configure:8382: $? = 0
configure:8396: gcc -E  conftest.c
conftest.c:9:10: fatal error: ac_nonexistent.h: No such file or directory
 #include <ac_nonexistent.h>
          ^~~~~~~~~~~~~~~~~~
compilation terminated.
configure:8396: $? = 1
configure: failed program was:
| /* confdefs.h */
| #define PACKAGE_NAME "sphinxbase"
| #define PACKAGE_TARNAME "sphinxbase"
| #define PACKAGE_VERSION "5prealpha"
| #define PACKAGE_STRING "sphinxbase 5prealpha"
| #define PACKAGE_BUGREPORT ""
| #define PACKAGE_URL ""
| /* end confdefs.h.  */
| #include <ac_nonexistent.h>
configure:8425: checking for ANSI C header files
configure:8445: gcc -c -g -O2 -Wall  conftest.c >&5
configure:8445: $? = 0
configure:8518: gcc -o conftest -g -O2 -Wall   conftest.c  >&5
configure:8518: $? = 0
configure:8518: ./conftest
configure:8518: $? = 0
configure:8529: result: yes
configure:8542: checking for sys/types.h
configure:8542: gcc -c -g -O2 -Wall  conftest.c >&5
configure:8542: $? = 0
configure:8542: result: yes
configure:8542: checking for sys/stat.h
configure:8542: gcc -c -g -O2 -Wall  conftest.c >&5
configure:8542: $? = 0
configure:8542: result: yes
configure:8542: checking for stdlib.h
configure:8542: gcc -c -g -O2 -Wall  conftest.c >&5
configure:8542: $? = 0
configure:8542: result: yes
configure:8542: checking for string.h
configure:8542: gcc -c -g -O2 -Wall  conftest.c >&5
configure:8542: $? = 0
configure:8542: result: yes
configure:8542: checking for memory.h
configure:8542: gcc -c -g -O2 -Wall  conftest.c >&5
configure:8542: $? = 0
configure:8542: result: yes
configure:8542: checking for strings.h
configure:8542: gcc -c -g -O2 -Wall  conftest.c >&5
configure:8542: $? = 0
configure:8542: result: yes
configure:8542: checking for inttypes.h
configure:8542: gcc -c -g -O2 -Wall  conftest.c >&5
configure:8542: $? = 0
configure:8542: result: yes
configure:8542: checking for stdint.h
configure:8542: gcc -c -g -O2 -Wall  conftest.c >&5
configure:8542: $? = 0
configure:8542: result: yes
configure:8542: checking for unistd.h
configure:8542: gcc -c -g -O2 -Wall  conftest.c >&5
configure:8542: $? = 0
configure:8542: result: yes
configure:8556: checking for dlfcn.h
configure:8556: gcc -c -g -O2 -Wall  conftest.c >&5
configure:8556: $? = 0
configure:8556: result: yes
configure:8762: checking for objdir
configure:8777: result: .libs
configure:9048: checking if gcc supports -fno-rtti -fno-exceptions
configure:9066: gcc -c -g -O2 -Wall  -fno-rtti -fno-exceptions conftest.c >&5
cc1: warning: command line option '-fno-rtti' is valid for C++/ObjC++ but not for C
configure:9070: $? = 0
configure:9083: result: no
configure:9410: checking for gcc option to produce PIC
configure:9417: result: -fPIC -DPIC
configure:9425: checking if gcc PIC flag -fPIC -DPIC works
configure:9443: gcc -c -g -O2 -Wall  -fPIC -DPIC -DPIC conftest.c >&5
configure:9447: $? = 0
configure:9460: result: yes
configure:9489: checking if gcc static flag -static works
configure:9517: result: yes
configure:9532: checking if gcc supports -c -o file.o
configure:9553: gcc -c -g -O2 -Wall  -o out/conftest2.o conftest.c >&5
configure:9557: $? = 0
configure:9579: result: yes
configure:9587: checking if gcc supports -c -o file.o
configure:9634: result: yes
configure:9667: checking whether the gcc linker (/usr/bin/ld) supports shared libraries
configure:10820: result: yes
configure:10857: checking whether -lc should be explicitly linked in
configure:10865: gcc -c -g -O2 -Wall  conftest.c >&5
configure:10868: $? = 0
configure:10883: gcc -shared  -fPIC -DPIC conftest.o  -v -Wl,-soname -Wl,conftest -o conftest 2\>\&1 \| /usr/bin/grep  -lc  \>/dev/null 2\>\&1
configure:10886: $? = 0
configure:10900: result: no
configure:11060: checking dynamic linker characteristics
configure:11571: gcc -o conftest -g -O2 -Wall   -Wl,-rpath -Wl,/foo conftest.c  >&5
configure:11571: $? = 0
configure:11797: result: GNU/Linux ld.so
configure:11904: checking how to hardcode library paths into programs
configure:11929: result: immediate
configure:12469: checking whether stripping libraries is possible
configure:12474: result: yes
configure:12509: checking if libtool supports shared libraries
configure:12511: result: yes
configure:12514: checking whether to build shared libraries
configure:12535: result: yes
configure:12538: checking whether to build static libraries
configure:12542: result: yes
configure:9590: checking for bison
configure:9618: result: no
configure:9628: error: You need to install bison

## ---------------- ##
## Cache variables. ##
## ---------------- ##

ac_cv_build=armv7l-unknown-linux-gnueabihf
ac_cv_c_compiler_gnu=yes
ac_cv_env_CC_set=
ac_cv_env_CC_value=
ac_cv_env_CFLAGS_set=
ac_cv_env_CFLAGS_value=
ac_cv_env_CPPFLAGS_set=
ac_cv_env_CPPFLAGS_value=
ac_cv_env_CPP_set=
ac_cv_env_CPP_value=
ac_cv_env_LDFLAGS_set=
ac_cv_env_LDFLAGS_value=
ac_cv_env_LIBS_set=
ac_cv_env_LIBS_value=
ac_cv_env_PYTHON_VERSION_set=
ac_cv_env_PYTHON_VERSION_value=
ac_cv_env_PYTHON_set=
ac_cv_env_PYTHON_value=
ac_cv_env_YACC_set=
ac_cv_env_YACC_value=
ac_cv_env_build_alias_set=
ac_cv_env_build_alias_value=
ac_cv_env_host_alias_set=
ac_cv_env_host_alias_value=
ac_cv_env_target_alias_set=
ac_cv_env_target_alias_value=
ac_cv_header_dlfcn_h=yes
ac_cv_header_inttypes_h=yes
ac_cv_header_memory_h=yes
ac_cv_header_stdc=yes
ac_cv_header_stdint_h=yes
ac_cv_header_stdlib_h=yes
ac_cv_header_string_h=yes
ac_cv_header_strings_h=yes
ac_cv_header_sys_stat_h=yes
ac_cv_header_sys_types_h=yes
ac_cv_header_unistd_h=yes
ac_cv_host=armv7l-unknown-linux-gnueabihf
ac_cv_objext=o
ac_cv_path_EGREP='/usr/bin/grep -E'
ac_cv_path_FGREP='/usr/bin/grep -F'
ac_cv_path_GREP=/usr/bin/grep
ac_cv_path_SED=/usr/bin/sed
ac_cv_path_install='/usr/bin/install -c'
ac_cv_path_mkdir=/usr/bin/mkdir
ac_cv_prog_AWK=mawk
ac_cv_prog_CPP='gcc -E'
ac_cv_prog_YACC=no
ac_cv_prog_ac_ct_AR=ar
ac_cv_prog_ac_ct_CC=gcc
ac_cv_prog_ac_ct_MANIFEST_TOOL=mt
ac_cv_prog_ac_ct_OBJDUMP=objdump
ac_cv_prog_ac_ct_RANLIB=ranlib
ac_cv_prog_ac_ct_STRIP=strip
ac_cv_prog_cc_c89=
ac_cv_prog_cc_c99=
ac_cv_prog_cc_g=yes
ac_cv_prog_cc_stdc=
ac_cv_prog_make_make_set=yes
ac_cv_search_strerror='none required'
am_cv_CC_dependencies_compiler_type=gcc3
am_cv_make_support_nested_variables=yes
lt_cv_ar_at_file=@
lt_cv_archive_cmds_need_lc=no
lt_cv_deplibs_check_method=pass_all
lt_cv_file_magic_cmd='$MAGIC_CMD'
lt_cv_file_magic_test_file=
lt_cv_ld_reload_flag=-r
lt_cv_nm_interface='BSD nm'
lt_cv_objdir=.libs
lt_cv_path_LD=/usr/bin/ld
lt_cv_path_NM='/usr/bin/nm -B'
lt_cv_path_mainfest_tool=no
lt_cv_prog_compiler_c_o=yes
lt_cv_prog_compiler_pic='-fPIC -DPIC'
lt_cv_prog_compiler_pic_works=yes
lt_cv_prog_compiler_rtti_exceptions=no
lt_cv_prog_compiler_static_works=yes
lt_cv_prog_gnu_ld=yes
lt_cv_sharedlib_from_linklib_cmd='printf %s\n'
lt_cv_shlibpath_overrides_runpath=yes
lt_cv_sys_global_symbol_pipe='sed -n -e '\''s/^.*[	 ]\([ABCDGIRSTW][ABCDGIRSTW]*\)[	 ][	 ]*\([_A-Za-z][_A-Za-z0-9]*\)$/\1 \2 \2/p'\'' | sed '\''/ __gnu_lto/d'\'''
lt_cv_sys_global_symbol_to_c_name_address='sed -n -e '\''s/^: \([^ ]*\)[ ]*$/  {\"\1\", (void *) 0},/p'\'' -e '\''s/^[ABCDGIRSTW]* \([^ ]*\) \([^ ]*\)$/  {"\2", (void *) \&\2},/p'\'''
lt_cv_sys_global_symbol_to_c_name_address_lib_prefix='sed -n -e '\''s/^: \([^ ]*\)[ ]*$/  {\"\1\", (void *) 0},/p'\'' -e '\''s/^[ABCDGIRSTW]* \([^ ]*\) \(lib[^ ]*\)$/  {"\2", (void *) \&\2},/p'\'' -e '\''s/^[ABCDGIRSTW]* \([^ ]*\) \([^ ]*\)$/  {"lib\2", (void *) \&\2},/p'\'''
lt_cv_sys_global_symbol_to_cdecl='sed -n -e '\''s/^T .* \(.*\)$/extern int \1();/p'\'' -e '\''s/^[ABCDGIRSTW]* .* \(.*\)$/extern char \1;/p'\'''
lt_cv_sys_max_cmd_len=1572864
lt_cv_to_host_file_cmd=func_convert_file_noop
lt_cv_to_tool_file_cmd=func_convert_file_noop

## ----------------- ##
## Output variables. ##
## ----------------- ##

ACLOCAL='${SHELL} /home/pi/Adeept_PiCar-B/sphinxbase-5prealpha/missing aclocal-1.13'
AMDEPBACKSLASH='\'
AMDEP_FALSE='#'
AMDEP_TRUE=''
AMTAR='$${TAR-tar}'
AM_BACKSLASH='\'
AM_DEFAULT_V='$(AM_DEFAULT_VERBOSITY)'
AM_DEFAULT_VERBOSITY='1'
AM_V='$(V)'
AR='ar'
AUTOCONF='${SHELL} /home/pi/Adeept_PiCar-B/sphinxbase-5prealpha/missing autoconf'
AUTOHEADER='${SHELL} /home/pi/Adeept_PiCar-B/sphinxbase-5prealpha/missing autoheader'
AUTOMAKE='${SHELL} /home/pi/Adeept_PiCar-B/sphinxbase-5prealpha/missing automake-1.13'
AWK='mawk'
BUILD_DOXYGEN_FALSE=''
BUILD_DOXYGEN_TRUE=''
BUILD_SWIG_FALSE=''
BUILD_SWIG_TRUE=''
CC='gcc'
CCDEPMODE='depmode=gcc3'
CFLAGS='-g -O2 -Wall'
CPP='gcc -E'
CPPFLAGS=''
CYGPATH_W='echo'
DEFS=''
DEPDIR='.deps'
DLLTOOL='false'
DSYMUTIL=''
DUMPBIN=''
ECHO_C=''
ECHO_N='-n'
ECHO_T=''
EGREP='/usr/bin/grep -E'
EXEEXT=''
FGREP='/usr/bin/grep -F'
FIXED_POINT_FALSE=''
FIXED_POINT_TRUE=''
GREP='/usr/bin/grep'
HAVE_DOXYGEN=''
INSTALL_DATA='${INSTALL} -m 644'
INSTALL_PROGRAM='${INSTALL}'
INSTALL_SCRIPT='${INSTALL}'
INSTALL_STRIP_PROGRAM='$(install_sh) -c -s'
LAPACK_LITE_FALSE=''
LAPACK_LITE_TRUE=''
LD='/usr/bin/ld'
LDFLAGS=''
LIBOBJS=''
LIBS=''
LIBTOOL='$(SHELL) $(top_builddir)/libtool'
LIPO=''
LN_S='ln -s'
LTLIBOBJS=''
MAKEINFO='${SHELL} /home/pi/Adeept_PiCar-B/sphinxbase-5prealpha/missing makeinfo'
MANIFEST_TOOL=':'
MKDIR_P='/usr/bin/mkdir -p'
NM='/usr/bin/nm -B'
NMEDIT=''
OBJDUMP='objdump'
OBJEXT='o'
OTOOL64=''
OTOOL=''
PACKAGE='sphinxbase'
PACKAGE_BUGREPORT=''
PACKAGE_NAME='sphinxbase'
PACKAGE_STRING='sphinxbase 5prealpha'
PACKAGE_TARNAME='sphinxbase'
PACKAGE_URL=''
PACKAGE_VERSION='5prealpha'
PATH_SEPARATOR=':'
PYTHON=''
PYTHON_CPPFLAGS=''
PYTHON_EXEC_PREFIX=''
PYTHON_EXTRA_LDFLAGS=''
PYTHON_EXTRA_LIBS=''
PYTHON_LDFLAGS=''
PYTHON_PLATFORM=''
PYTHON_PREFIX=''
PYTHON_SITE_PKG=''
PYTHON_VERSION=''
RANLIB='ranlib'
SED='/usr/bin/sed'
SET_MAKE=''
SHELL='/bin/bash'
STRIP='strip'
SWIG=''
SWIG_LIB=''
USE_LAPACK_FALSE=''
USE_LAPACK_TRUE=''
USE_THREADS_FALSE=''
USE_THREADS_TRUE=''
VERSION='5prealpha'
YACC='no'
ac_ct_AR='ar'
ac_ct_CC='gcc'
ac_ct_DUMPBIN=''
ad_cppflags=''
ad_files=''
ad_libs=''
am__EXEEXT_FALSE=''
am__EXEEXT_TRUE=''
am__fastdepCC_FALSE='#'
am__fastdepCC_TRUE=''
am__include='include'
am__isrc=''
am__leading_dot='.'
am__nodep='_no'
am__quote=''
am__tar='$${TAR-tar} chof - "$$tardir"'
am__untar='$${TAR-tar} xf -'
bindir='${exec_prefix}/bin'
build='armv7l-unknown-linux-gnueabihf'
build_alias=''
build_cpu='armv7l'
build_os='linux-gnueabihf'
build_vendor='unknown'
datadir='${datarootdir}'
datarootdir='${prefix}/share'
docdir='${datarootdir}/doc/${PACKAGE_TARNAME}'
dvidir='${docdir}'
exec_prefix='NONE'
host='armv7l-unknown-linux-gnueabihf'
host_alias=''
host_cpu='armv7l'
host_os='linux-gnueabihf'
host_vendor='unknown'
htmldir='${docdir}'
includedir='${prefix}/include'
infodir='${datarootdir}/info'
install_sh='${SHELL} /home/pi/Adeept_PiCar-B/sphinxbase-5prealpha/install-sh'
libdir='${exec_prefix}/lib'
libexecdir='${exec_prefix}/libexec'
localedir='${datarootdir}/locale'
localstatedir='${prefix}/var'
mandir='${datarootdir}/man'
mkdir_p='$(MKDIR_P)'
oldincludedir='/usr/include'
pdfdir='${docdir}'
pkgpyexecdir=''
pkgpythondir=''
prefix='NONE'
program_transform_name='s,x,x,'
psdir='${docdir}'
pyexecdir=''
pythondir=''
sbindir='${exec_prefix}/sbin'
sharedstatedir='${prefix}/com'
sysconfdir='${prefix}/etc'
target_alias=''

## ----------- ##
## confdefs.h. ##
## ----------- ##

/* confdefs.h */
#define PACKAGE_NAME "sphinxbase"
#define PACKAGE_TARNAME "sphinxbase"
#define PACKAGE_VERSION "5prealpha"
#define PACKAGE_STRING "sphinxbase 5prealpha"
#define PACKAGE_BUGREPORT ""
#define PACKAGE_URL ""
#define STDC_HEADERS 1
#define HAVE_SYS_TYPES_H 1
#define HAVE_SYS_STAT_H 1
#define HAVE_STDLIB_H 1
#define HAVE_STRING_H 1
#define HAVE_MEMORY_H 1
#define HAVE_STRINGS_H 1
#define HAVE_INTTYPES_H 1
#define HAVE_STDINT_H 1
#define HAVE_UNISTD_H 1
#define HAVE_DLFCN_H 1
#define LT_OBJDIR ".libs/"

configure: exit 1
